[0.056s] DEBUG:colcon:Command line arguments: ['/usr/bin/colcon', 'build']
[0.056s] DEBUG:colcon:Parsed command line arguments: Namespace(log_base=None, log_level=None, verb_name='build', build_base='build', install_base='install', merge_install=False, symlink_install=False, test_result_base=None, continue_on_error=False, executor='parallel', parallel_workers=12, event_handlers=None, ignore_user_meta=False, metas=['./colcon.meta'], base_paths=['.'], packages_ignore=None, packages_ignore_regex=None, paths=None, packages_up_to=None, packages_up_to_regex=None, packages_above=None, packages_above_and_dependencies=None, packages_above_depth=None, packages_select_by_dep=None, packages_skip_by_dep=None, packages_skip_up_to=None, packages_select_build_failed=False, packages_skip_build_finished=False, packages_select_test_failures=False, packages_skip_test_passed=False, packages_select=None, packages_skip=None, packages_select_regex=None, packages_skip_regex=None, packages_start=None, packages_end=None, allow_overriding=[], cmake_args=None, cmake_target=None, cmake_target_skip_unavailable=False, cmake_clean_cache=False, cmake_clean_first=False, cmake_force_configure=False, ament_cmake_args=None, catkin_cmake_args=None, catkin_skip_building_tests=False, verb_parser=<colcon_defaults.argument_parser.defaults.DefaultArgumentsDecorator object at 0x7d9616c61360>, verb_extension=<colcon_core.verb.build.BuildVerb object at 0x7d9616d6a6e0>, main=<bound method BuildVerb.main of <colcon_core.verb.build.BuildVerb object at 0x7d9616d6a6e0>>)
[0.137s] Level 1:colcon.colcon_core.package_discovery:discover_packages(colcon_meta) check parameters
[0.137s] Level 1:colcon.colcon_core.package_discovery:discover_packages(recursive) check parameters
[0.137s] Level 1:colcon.colcon_core.package_discovery:discover_packages(ignore) check parameters
[0.137s] Level 1:colcon.colcon_core.package_discovery:discover_packages(path) check parameters
[0.137s] Level 1:colcon.colcon_core.package_discovery:discover_packages(colcon_meta) discover
[0.137s] Level 1:colcon.colcon_core.package_discovery:discover_packages(recursive) discover
[0.137s] INFO:colcon.colcon_core.package_discovery:Crawling recursively for packages in '/home/ubunutulinux/workspace/ur5_custom_control'
[0.138s] Level 1:colcon.colcon_core.package_identification:_identify(.) by extensions ['ignore', 'ignore_ament_install']
[0.138s] Level 1:colcon.colcon_core.package_identification:_identify(.) by extension 'ignore'
[0.138s] Level 1:colcon.colcon_core.package_identification:_identify(.) by extension 'ignore_ament_install'
[0.138s] Level 1:colcon.colcon_core.package_identification:_identify(.) by extensions ['colcon_pkg']
[0.138s] Level 1:colcon.colcon_core.package_identification:_identify(.) by extension 'colcon_pkg'
[0.138s] Level 1:colcon.colcon_core.package_identification:_identify(.) by extensions ['colcon_meta']
[0.138s] Level 1:colcon.colcon_core.package_identification:_identify(.) by extension 'colcon_meta'
[0.138s] Level 1:colcon.colcon_core.package_identification:_identify(.) by extensions ['ros']
[0.138s] Level 1:colcon.colcon_core.package_identification:_identify(.) by extension 'ros'
[0.145s] DEBUG:colcon.colcon_core.package_identification:Package '.' with type 'ros.ament_python' and name 'ur5_custom_control'
[0.145s] Level 1:colcon.colcon_core.package_discovery:discover_packages(recursive) using defaults
[0.145s] Level 1:colcon.colcon_core.package_discovery:discover_packages(ignore) discover
[0.145s] Level 1:colcon.colcon_core.package_discovery:discover_packages(ignore) using defaults
[0.145s] Level 1:colcon.colcon_core.package_discovery:discover_packages(path) discover
[0.145s] Level 1:colcon.colcon_core.package_discovery:discover_packages(path) using defaults
[0.157s] Level 1:colcon.colcon_core.package_discovery:discover_packages(prefix_path) check parameters
[0.157s] Level 1:colcon.colcon_core.package_discovery:discover_packages(prefix_path) discover
[0.158s] WARNING:colcon.colcon_ros.prefix_path.ament:The path '/home/ubunutulinux/workspace/ur5_custom_control/install/ur5_custom_control' in the environment variable AMENT_PREFIX_PATH doesn't exist
[0.164s] DEBUG:colcon.colcon_installed_package_information.package_discovery:Found 0 installed packages in /home/ubunutulinux/workspace/ur5_custom_control/install
[0.165s] DEBUG:colcon.colcon_installed_package_information.package_discovery:Found 9 installed packages in /home/ubunutulinux/UR5_ws/install
[0.165s] DEBUG:colcon.colcon_installed_package_information.package_discovery:Found 0 installed packages in /home/ubunutulinux/UR5_ws/src/ur5_moveit_control/ur5_moveit_control/install
[0.166s] DEBUG:colcon.colcon_installed_package_information.package_discovery:Found 359 installed packages in /opt/ros/humble
[0.167s] Level 1:colcon.colcon_core.package_discovery:discover_packages(prefix_path) using defaults
[0.194s] Level 5:colcon.colcon_core.verb:set package 'ur5_custom_control' build argument 'cmake_args' from command line to 'None'
[0.194s] Level 5:colcon.colcon_core.verb:set package 'ur5_custom_control' build argument 'cmake_target' from command line to 'None'
[0.194s] Level 5:colcon.colcon_core.verb:set package 'ur5_custom_control' build argument 'cmake_target_skip_unavailable' from command line to 'False'
[0.194s] Level 5:colcon.colcon_core.verb:set package 'ur5_custom_control' build argument 'cmake_clean_cache' from command line to 'False'
[0.194s] Level 5:colcon.colcon_core.verb:set package 'ur5_custom_control' build argument 'cmake_clean_first' from command line to 'False'
[0.194s] Level 5:colcon.colcon_core.verb:set package 'ur5_custom_control' build argument 'cmake_force_configure' from command line to 'False'
[0.194s] Level 5:colcon.colcon_core.verb:set package 'ur5_custom_control' build argument 'ament_cmake_args' from command line to 'None'
[0.194s] Level 5:colcon.colcon_core.verb:set package 'ur5_custom_control' build argument 'catkin_cmake_args' from command line to 'None'
[0.194s] Level 5:colcon.colcon_core.verb:set package 'ur5_custom_control' build argument 'catkin_skip_building_tests' from command line to 'False'
[0.194s] DEBUG:colcon.colcon_core.verb:Building package 'ur5_custom_control' with the following arguments: {'ament_cmake_args': None, 'build_base': '/home/ubunutulinux/workspace/ur5_custom_control/build/ur5_custom_control', 'catkin_cmake_args': None, 'catkin_skip_building_tests': False, 'cmake_args': None, 'cmake_clean_cache': False, 'cmake_clean_first': False, 'cmake_force_configure': False, 'cmake_target': None, 'cmake_target_skip_unavailable': False, 'install_base': '/home/ubunutulinux/workspace/ur5_custom_control/install/ur5_custom_control', 'merge_install': False, 'path': '/home/ubunutulinux/workspace/ur5_custom_control', 'symlink_install': False, 'test_result_base': None}
[0.194s] INFO:colcon.colcon_core.executor:Executing jobs using 'parallel' executor
[0.195s] DEBUG:colcon.colcon_parallel_executor.executor.parallel:run_until_complete
[0.195s] INFO:colcon.colcon_ros.task.ament_python.build:Building ROS package in '/home/ubunutulinux/workspace/ur5_custom_control' with build type 'ament_python'
[0.195s] Level 1:colcon.colcon_core.shell:create_environment_hook('ur5_custom_control', 'ament_prefix_path')
[0.197s] INFO:colcon.colcon_core.plugin_system:Skipping extension 'colcon_core.shell.bat': Not used on non-Windows systems
[0.198s] INFO:colcon.colcon_core.shell:Creating environment hook '/home/ubunutulinux/workspace/ur5_custom_control/install/ur5_custom_control/share/ur5_custom_control/hook/ament_prefix_path.ps1'
[0.198s] INFO:colcon.colcon_core.shell:Creating environment descriptor '/home/ubunutulinux/workspace/ur5_custom_control/install/ur5_custom_control/share/ur5_custom_control/hook/ament_prefix_path.dsv'
[0.199s] INFO:colcon.colcon_core.shell:Creating environment hook '/home/ubunutulinux/workspace/ur5_custom_control/install/ur5_custom_control/share/ur5_custom_control/hook/ament_prefix_path.sh'
[0.199s] INFO:colcon.colcon_core.shell:Skip shell extension 'powershell' for command environment: Not usable outside of PowerShell
[0.199s] DEBUG:colcon.colcon_core.shell:Skip shell extension 'dsv' for command environment
[0.354s] INFO:colcon.colcon_core.task.python.build:Building Python package in '/home/ubunutulinux/workspace/ur5_custom_control'
[0.354s] INFO:colcon.colcon_core.shell:Skip shell extension 'powershell' for command environment: Not usable outside of PowerShell
[0.354s] DEBUG:colcon.colcon_core.shell:Skip shell extension 'dsv' for command environment
[0.563s] DEBUG:colcon.colcon_core.event_handler.log_command:Invoking command in '/home/ubunutulinux/workspace/ur5_custom_control': PYTHONPATH=/home/ubunutulinux/workspace/ur5_custom_control/build/ur5_custom_control/prefix_override:/usr/lib/python3/dist-packages/colcon_core/task/python/colcon_distutils_commands:/home/ubunutulinux/workspace/ur5_custom_control/install/ur5_custom_control/lib/python3.10/site-packages:${PYTHONPATH} /usr/bin/python3 -W ignore:setup.py install is deprecated -W ignore:easy_install command is deprecated setup.py egg_info --egg-base build/ur5_custom_control build --build-base /home/ubunutulinux/workspace/ur5_custom_control/build/ur5_custom_control/build install --record /home/ubunutulinux/workspace/ur5_custom_control/build/ur5_custom_control/install.log --single-version-externally-managed install_data
[0.740s] DEBUG:colcon.colcon_core.event_handler.log_command:Invoked command in '/home/ubunutulinux/workspace/ur5_custom_control' returned '0': PYTHONPATH=/home/ubunutulinux/workspace/ur5_custom_control/build/ur5_custom_control/prefix_override:/usr/lib/python3/dist-packages/colcon_core/task/python/colcon_distutils_commands:/home/ubunutulinux/workspace/ur5_custom_control/install/ur5_custom_control/lib/python3.10/site-packages:${PYTHONPATH} /usr/bin/python3 -W ignore:setup.py install is deprecated -W ignore:easy_install command is deprecated setup.py egg_info --egg-base build/ur5_custom_control build --build-base /home/ubunutulinux/workspace/ur5_custom_control/build/ur5_custom_control/build install --record /home/ubunutulinux/workspace/ur5_custom_control/build/ur5_custom_control/install.log --single-version-externally-managed install_data
[0.742s] Level 1:colcon.colcon_core.environment:checking '/home/ubunutulinux/workspace/ur5_custom_control/install/ur5_custom_control' for CMake module files
[0.742s] Level 1:colcon.colcon_core.environment:checking '/home/ubunutulinux/workspace/ur5_custom_control/install/ur5_custom_control' for CMake config files
[0.743s] Level 1:colcon.colcon_core.environment:checking '/home/ubunutulinux/workspace/ur5_custom_control/install/ur5_custom_control/lib'
[0.743s] Level 1:colcon.colcon_core.environment:checking '/home/ubunutulinux/workspace/ur5_custom_control/install/ur5_custom_control/bin'
[0.743s] Level 1:colcon.colcon_core.environment:checking '/home/ubunutulinux/workspace/ur5_custom_control/install/ur5_custom_control/lib/pkgconfig/ur5_custom_control.pc'
[0.743s] Level 1:colcon.colcon_core.environment:checking '/home/ubunutulinux/workspace/ur5_custom_control/install/ur5_custom_control/lib/python3.10/site-packages'
[0.743s] Level 1:colcon.colcon_core.shell:create_environment_hook('ur5_custom_control', 'pythonpath')
[0.743s] INFO:colcon.colcon_core.shell:Creating environment hook '/home/ubunutulinux/workspace/ur5_custom_control/install/ur5_custom_control/share/ur5_custom_control/hook/pythonpath.ps1'
[0.743s] INFO:colcon.colcon_core.shell:Creating environment descriptor '/home/ubunutulinux/workspace/ur5_custom_control/install/ur5_custom_control/share/ur5_custom_control/hook/pythonpath.dsv'
[0.744s] INFO:colcon.colcon_core.shell:Creating environment hook '/home/ubunutulinux/workspace/ur5_custom_control/install/ur5_custom_control/share/ur5_custom_control/hook/pythonpath.sh'
[0.744s] Level 1:colcon.colcon_core.environment:checking '/home/ubunutulinux/workspace/ur5_custom_control/install/ur5_custom_control/bin'
[0.744s] Level 1:colcon.colcon_core.environment:create_environment_scripts_only(ur5_custom_control)
[0.744s] INFO:colcon.colcon_core.shell:Creating package script '/home/ubunutulinux/workspace/ur5_custom_control/install/ur5_custom_control/share/ur5_custom_control/package.ps1'
[0.745s] INFO:colcon.colcon_core.shell:Creating package descriptor '/home/ubunutulinux/workspace/ur5_custom_control/install/ur5_custom_control/share/ur5_custom_control/package.dsv'
[0.745s] INFO:colcon.colcon_core.shell:Creating package script '/home/ubunutulinux/workspace/ur5_custom_control/install/ur5_custom_control/share/ur5_custom_control/package.sh'
[0.745s] INFO:colcon.colcon_core.shell:Creating package script '/home/ubunutulinux/workspace/ur5_custom_control/install/ur5_custom_control/share/ur5_custom_control/package.bash'
[0.746s] INFO:colcon.colcon_core.shell:Creating package script '/home/ubunutulinux/workspace/ur5_custom_control/install/ur5_custom_control/share/ur5_custom_control/package.zsh'
[0.746s] Level 1:colcon.colcon_core.environment:create_file_with_runtime_dependencies(/home/ubunutulinux/workspace/ur5_custom_control/install/ur5_custom_control/share/colcon-core/packages/ur5_custom_control)
[0.746s] DEBUG:colcon.colcon_parallel_executor.executor.parallel:closing loop
[0.746s] DEBUG:colcon.colcon_parallel_executor.executor.parallel:loop closed
[0.746s] DEBUG:colcon.colcon_parallel_executor.executor.parallel:run_until_complete finished with '0'
[0.746s] DEBUG:colcon.colcon_core.event_reactor:joining thread
[0.749s] INFO:colcon.colcon_core.plugin_system:Skipping extension 'colcon_notification.desktop_notification.terminal_notifier': Not used on non-Darwin systems
[0.749s] INFO:colcon.colcon_core.plugin_system:Skipping extension 'colcon_notification.desktop_notification.win32': Not used on non-Windows systems
[0.749s] INFO:colcon.colcon_notification.desktop_notification:Sending desktop notification using 'notify2'
[0.762s] DEBUG:colcon.colcon_core.event_reactor:joined thread
[0.762s] INFO:colcon.colcon_core.shell:Creating prefix script '/home/ubunutulinux/workspace/ur5_custom_control/install/local_setup.ps1'
[0.763s] INFO:colcon.colcon_core.shell:Creating prefix util module '/home/ubunutulinux/workspace/ur5_custom_control/install/_local_setup_util_ps1.py'
[0.763s] INFO:colcon.colcon_core.shell:Creating prefix chain script '/home/ubunutulinux/workspace/ur5_custom_control/install/setup.ps1'
[0.764s] INFO:colcon.colcon_core.shell:Creating prefix script '/home/ubunutulinux/workspace/ur5_custom_control/install/local_setup.sh'
[0.765s] INFO:colcon.colcon_core.shell:Creating prefix util module '/home/ubunutulinux/workspace/ur5_custom_control/install/_local_setup_util_sh.py'
[0.765s] INFO:colcon.colcon_core.shell:Creating prefix chain script '/home/ubunutulinux/workspace/ur5_custom_control/install/setup.sh'
[0.766s] INFO:colcon.colcon_core.shell:Creating prefix script '/home/ubunutulinux/workspace/ur5_custom_control/install/local_setup.bash'
[0.766s] INFO:colcon.colcon_core.shell:Creating prefix chain script '/home/ubunutulinux/workspace/ur5_custom_control/install/setup.bash'
[0.767s] INFO:colcon.colcon_core.shell:Creating prefix script '/home/ubunutulinux/workspace/ur5_custom_control/install/local_setup.zsh'
[0.767s] INFO:colcon.colcon_core.shell:Creating prefix chain script '/home/ubunutulinux/workspace/ur5_custom_control/install/setup.zsh'
