[0.077s] DEBUG:colcon:Command line arguments: ['/usr/bin/colcon', 'build']
[0.077s] DEBUG:colcon:Parsed command line arguments: Namespace(log_base=None, log_level=None, verb_name='build', build_base='build', install_base='install', merge_install=False, symlink_install=False, test_result_base=None, continue_on_error=False, executor='parallel', parallel_workers=12, event_handlers=None, ignore_user_meta=False, metas=['./colcon.meta'], base_paths=['.'], packages_ignore=None, packages_ignore_regex=None, paths=None, packages_up_to=None, packages_up_to_regex=None, packages_above=None, packages_above_and_dependencies=None, packages_above_depth=None, packages_select_by_dep=None, packages_skip_by_dep=None, packages_skip_up_to=None, packages_select_build_failed=False, packages_skip_build_finished=False, packages_select_test_failures=False, packages_skip_test_passed=False, packages_select=None, packages_skip=None, packages_select_regex=None, packages_skip_regex=None, packages_start=None, packages_end=None, allow_overriding=[], cmake_args=None, cmake_target=None, cmake_target_skip_unavailable=False, cmake_clean_cache=False, cmake_clean_first=False, cmake_force_configure=False, ament_cmake_args=None, catkin_cmake_args=None, catkin_skip_building_tests=False, verb_parser=<colcon_defaults.argument_parser.defaults.DefaultArgumentsDecorator object at 0x77c231769360>, verb_extension=<colcon_core.verb.build.BuildVerb object at 0x77c2318726e0>, main=<bound method BuildVerb.main of <colcon_core.verb.build.BuildVerb object at 0x77c2318726e0>>)
[0.176s] Level 1:colcon.colcon_core.package_discovery:discover_packages(colcon_meta) check parameters
[0.177s] Level 1:colcon.colcon_core.package_discovery:discover_packages(recursive) check parameters
[0.177s] Level 1:colcon.colcon_core.package_discovery:discover_packages(ignore) check parameters
[0.177s] Level 1:colcon.colcon_core.package_discovery:discover_packages(path) check parameters
[0.177s] Level 1:colcon.colcon_core.package_discovery:discover_packages(colcon_meta) discover
[0.177s] Level 1:colcon.colcon_core.package_discovery:discover_packages(recursive) discover
[0.177s] INFO:colcon.colcon_core.package_discovery:Crawling recursively for packages in '/home/ubunutulinux/workspace/ur5_custom_control'
[0.177s] Level 1:colcon.colcon_core.package_identification:_identify(.) by extensions ['ignore', 'ignore_ament_install']
[0.177s] Level 1:colcon.colcon_core.package_identification:_identify(.) by extension 'ignore'
[0.177s] Level 1:colcon.colcon_core.package_identification:_identify(.) by extension 'ignore_ament_install'
[0.177s] Level 1:colcon.colcon_core.package_identification:_identify(.) by extensions ['colcon_pkg']
[0.177s] Level 1:colcon.colcon_core.package_identification:_identify(.) by extension 'colcon_pkg'
[0.177s] Level 1:colcon.colcon_core.package_identification:_identify(.) by extensions ['colcon_meta']
[0.177s] Level 1:colcon.colcon_core.package_identification:_identify(.) by extension 'colcon_meta'
[0.177s] Level 1:colcon.colcon_core.package_identification:_identify(.) by extensions ['ros']
[0.177s] Level 1:colcon.colcon_core.package_identification:_identify(.) by extension 'ros'
[0.185s] DEBUG:colcon.colcon_core.package_identification:Package '.' with type 'ros.ament_python' and name 'ur5_custom_control'
[0.185s] Level 1:colcon.colcon_core.package_discovery:discover_packages(recursive) using defaults
[0.185s] Level 1:colcon.colcon_core.package_discovery:discover_packages(ignore) discover
[0.185s] Level 1:colcon.colcon_core.package_discovery:discover_packages(ignore) using defaults
[0.185s] Level 1:colcon.colcon_core.package_discovery:discover_packages(path) discover
[0.185s] Level 1:colcon.colcon_core.package_discovery:discover_packages(path) using defaults
[0.200s] Level 1:colcon.colcon_core.package_discovery:discover_packages(prefix_path) check parameters
[0.200s] Level 1:colcon.colcon_core.package_discovery:discover_packages(prefix_path) discover
[0.209s] DEBUG:colcon.colcon_installed_package_information.package_discovery:Found 1 installed packages in /home/ubunutulinux/workspace/ur5_custom_control/install
[0.209s] DEBUG:colcon.colcon_installed_package_information.package_discovery:Found 9 installed packages in /home/ubunutulinux/UR5_ws/install
[0.210s] DEBUG:colcon.colcon_installed_package_information.package_discovery:Found 0 installed packages in /home/ubunutulinux/UR5_ws/src/ur5_moveit_control/ur5_moveit_control/install
[0.211s] DEBUG:colcon.colcon_installed_package_information.package_discovery:Found 359 installed packages in /opt/ros/humble
[0.212s] Level 1:colcon.colcon_core.package_discovery:discover_packages(prefix_path) using defaults
[0.239s] Level 5:colcon.colcon_core.verb:set package 'ur5_custom_control' build argument 'cmake_args' from command line to 'None'
[0.239s] Level 5:colcon.colcon_core.verb:set package 'ur5_custom_control' build argument 'cmake_target' from command line to 'None'
[0.239s] Level 5:colcon.colcon_core.verb:set package 'ur5_custom_control' build argument 'cmake_target_skip_unavailable' from command line to 'False'
[0.239s] Level 5:colcon.colcon_core.verb:set package 'ur5_custom_control' build argument 'cmake_clean_cache' from command line to 'False'
[0.239s] Level 5:colcon.colcon_core.verb:set package 'ur5_custom_control' build argument 'cmake_clean_first' from command line to 'False'
[0.239s] Level 5:colcon.colcon_core.verb:set package 'ur5_custom_control' build argument 'cmake_force_configure' from command line to 'False'
[0.239s] Level 5:colcon.colcon_core.verb:set package 'ur5_custom_control' build argument 'ament_cmake_args' from command line to 'None'
[0.239s] Level 5:colcon.colcon_core.verb:set package 'ur5_custom_control' build argument 'catkin_cmake_args' from command line to 'None'
[0.239s] Level 5:colcon.colcon_core.verb:set package 'ur5_custom_control' build argument 'catkin_skip_building_tests' from command line to 'False'
[0.239s] DEBUG:colcon.colcon_core.verb:Building package 'ur5_custom_control' with the following arguments: {'ament_cmake_args': None, 'build_base': '/home/ubunutulinux/workspace/ur5_custom_control/build/ur5_custom_control', 'catkin_cmake_args': None, 'catkin_skip_building_tests': False, 'cmake_args': None, 'cmake_clean_cache': False, 'cmake_clean_first': False, 'cmake_force_configure': False, 'cmake_target': None, 'cmake_target_skip_unavailable': False, 'install_base': '/home/ubunutulinux/workspace/ur5_custom_control/install/ur5_custom_control', 'merge_install': False, 'path': '/home/ubunutulinux/workspace/ur5_custom_control', 'symlink_install': False, 'test_result_base': None}
[0.239s] INFO:colcon.colcon_core.executor:Executing jobs using 'parallel' executor
[0.240s] DEBUG:colcon.colcon_parallel_executor.executor.parallel:run_until_complete
[0.240s] INFO:colcon.colcon_ros.task.ament_python.build:Building ROS package in '/home/ubunutulinux/workspace/ur5_custom_control' with build type 'ament_python'
[0.240s] Level 1:colcon.colcon_core.shell:create_environment_hook('ur5_custom_control', 'ament_prefix_path')
[0.241s] INFO:colcon.colcon_core.plugin_system:Skipping extension 'colcon_core.shell.bat': Not used on non-Windows systems
[0.242s] INFO:colcon.colcon_core.shell:Creating environment hook '/home/ubunutulinux/workspace/ur5_custom_control/install/ur5_custom_control/share/ur5_custom_control/hook/ament_prefix_path.ps1'
[0.242s] INFO:colcon.colcon_core.shell:Creating environment descriptor '/home/ubunutulinux/workspace/ur5_custom_control/install/ur5_custom_control/share/ur5_custom_control/hook/ament_prefix_path.dsv'
[0.242s] INFO:colcon.colcon_core.shell:Creating environment hook '/home/ubunutulinux/workspace/ur5_custom_control/install/ur5_custom_control/share/ur5_custom_control/hook/ament_prefix_path.sh'
[0.243s] INFO:colcon.colcon_core.shell:Skip shell extension 'powershell' for command environment: Not usable outside of PowerShell
[0.243s] DEBUG:colcon.colcon_core.shell:Skip shell extension 'dsv' for command environment
[0.415s] INFO:colcon.colcon_core.task.python.build:Building Python package in '/home/ubunutulinux/workspace/ur5_custom_control'
[0.415s] INFO:colcon.colcon_core.shell:Skip shell extension 'powershell' for command environment: Not usable outside of PowerShell
[0.415s] DEBUG:colcon.colcon_core.shell:Skip shell extension 'dsv' for command environment
[0.667s] DEBUG:colcon.colcon_core.event_handler.log_command:Invoking command in '/home/ubunutulinux/workspace/ur5_custom_control': PYTHONPATH=/home/ubunutulinux/workspace/ur5_custom_control/build/ur5_custom_control/prefix_override:/usr/lib/python3/dist-packages/colcon_core/task/python/colcon_distutils_commands:/home/ubunutulinux/workspace/ur5_custom_control/install/ur5_custom_control/lib/python3.10/site-packages:${PYTHONPATH} /usr/bin/python3 -W ignore:setup.py install is deprecated -W ignore:easy_install command is deprecated setup.py egg_info --egg-base build/ur5_custom_control build --build-base /home/ubunutulinux/workspace/ur5_custom_control/build/ur5_custom_control/build install --record /home/ubunutulinux/workspace/ur5_custom_control/build/ur5_custom_control/install.log --single-version-externally-managed install_data
[0.898s] DEBUG:colcon.colcon_core.event_handler.log_command:Invoked command in '/home/ubunutulinux/workspace/ur5_custom_control' returned '0': PYTHONPATH=/home/ubunutulinux/workspace/ur5_custom_control/build/ur5_custom_control/prefix_override:/usr/lib/python3/dist-packages/colcon_core/task/python/colcon_distutils_commands:/home/ubunutulinux/workspace/ur5_custom_control/install/ur5_custom_control/lib/python3.10/site-packages:${PYTHONPATH} /usr/bin/python3 -W ignore:setup.py install is deprecated -W ignore:easy_install command is deprecated setup.py egg_info --egg-base build/ur5_custom_control build --build-base /home/ubunutulinux/workspace/ur5_custom_control/build/ur5_custom_control/build install --record /home/ubunutulinux/workspace/ur5_custom_control/build/ur5_custom_control/install.log --single-version-externally-managed install_data
[0.899s] Level 1:colcon.colcon_core.environment:checking '/home/ubunutulinux/workspace/ur5_custom_control/install/ur5_custom_control' for CMake module files
[0.899s] Level 1:colcon.colcon_core.environment:checking '/home/ubunutulinux/workspace/ur5_custom_control/install/ur5_custom_control' for CMake config files
[0.900s] Level 1:colcon.colcon_core.environment:checking '/home/ubunutulinux/workspace/ur5_custom_control/install/ur5_custom_control/lib'
[0.900s] Level 1:colcon.colcon_core.environment:checking '/home/ubunutulinux/workspace/ur5_custom_control/install/ur5_custom_control/bin'
[0.900s] Level 1:colcon.colcon_core.environment:checking '/home/ubunutulinux/workspace/ur5_custom_control/install/ur5_custom_control/lib/pkgconfig/ur5_custom_control.pc'
[0.900s] Level 1:colcon.colcon_core.environment:checking '/home/ubunutulinux/workspace/ur5_custom_control/install/ur5_custom_control/lib/python3.10/site-packages'
[0.900s] Level 1:colcon.colcon_core.shell:create_environment_hook('ur5_custom_control', 'pythonpath')
[0.901s] INFO:colcon.colcon_core.shell:Creating environment hook '/home/ubunutulinux/workspace/ur5_custom_control/install/ur5_custom_control/share/ur5_custom_control/hook/pythonpath.ps1'
[0.901s] INFO:colcon.colcon_core.shell:Creating environment descriptor '/home/ubunutulinux/workspace/ur5_custom_control/install/ur5_custom_control/share/ur5_custom_control/hook/pythonpath.dsv'
[0.901s] INFO:colcon.colcon_core.shell:Creating environment hook '/home/ubunutulinux/workspace/ur5_custom_control/install/ur5_custom_control/share/ur5_custom_control/hook/pythonpath.sh'
[0.902s] Level 1:colcon.colcon_core.environment:checking '/home/ubunutulinux/workspace/ur5_custom_control/install/ur5_custom_control/bin'
[0.902s] Level 1:colcon.colcon_core.environment:create_environment_scripts_only(ur5_custom_control)
[0.902s] INFO:colcon.colcon_core.shell:Creating package script '/home/ubunutulinux/workspace/ur5_custom_control/install/ur5_custom_control/share/ur5_custom_control/package.ps1'
[0.902s] INFO:colcon.colcon_core.shell:Creating package descriptor '/home/ubunutulinux/workspace/ur5_custom_control/install/ur5_custom_control/share/ur5_custom_control/package.dsv'
[0.903s] INFO:colcon.colcon_core.shell:Creating package script '/home/ubunutulinux/workspace/ur5_custom_control/install/ur5_custom_control/share/ur5_custom_control/package.sh'
[0.903s] INFO:colcon.colcon_core.shell:Creating package script '/home/ubunutulinux/workspace/ur5_custom_control/install/ur5_custom_control/share/ur5_custom_control/package.bash'
[0.904s] INFO:colcon.colcon_core.shell:Creating package script '/home/ubunutulinux/workspace/ur5_custom_control/install/ur5_custom_control/share/ur5_custom_control/package.zsh'
[0.905s] Level 1:colcon.colcon_core.environment:create_file_with_runtime_dependencies(/home/ubunutulinux/workspace/ur5_custom_control/install/ur5_custom_control/share/colcon-core/packages/ur5_custom_control)
[0.905s] DEBUG:colcon.colcon_parallel_executor.executor.parallel:closing loop
[0.905s] DEBUG:colcon.colcon_parallel_executor.executor.parallel:loop closed
[0.905s] DEBUG:colcon.colcon_parallel_executor.executor.parallel:run_until_complete finished with '0'
[0.905s] DEBUG:colcon.colcon_core.event_reactor:joining thread
[0.912s] INFO:colcon.colcon_core.plugin_system:Skipping extension 'colcon_notification.desktop_notification.terminal_notifier': Not used on non-Darwin systems
[0.912s] INFO:colcon.colcon_core.plugin_system:Skipping extension 'colcon_notification.desktop_notification.win32': Not used on non-Windows systems
[0.912s] INFO:colcon.colcon_notification.desktop_notification:Sending desktop notification using 'notify2'
[0.922s] DEBUG:colcon.colcon_core.event_reactor:joined thread
[0.923s] INFO:colcon.colcon_core.shell:Creating prefix script '/home/ubunutulinux/workspace/ur5_custom_control/install/local_setup.ps1'
[0.923s] INFO:colcon.colcon_core.shell:Creating prefix util module '/home/ubunutulinux/workspace/ur5_custom_control/install/_local_setup_util_ps1.py'
[0.924s] INFO:colcon.colcon_core.shell:Creating prefix chain script '/home/ubunutulinux/workspace/ur5_custom_control/install/setup.ps1'
[0.926s] INFO:colcon.colcon_core.shell:Creating prefix script '/home/ubunutulinux/workspace/ur5_custom_control/install/local_setup.sh'
[0.927s] INFO:colcon.colcon_core.shell:Creating prefix util module '/home/ubunutulinux/workspace/ur5_custom_control/install/_local_setup_util_sh.py'
[0.927s] INFO:colcon.colcon_core.shell:Creating prefix chain script '/home/ubunutulinux/workspace/ur5_custom_control/install/setup.sh'
[0.929s] INFO:colcon.colcon_core.shell:Creating prefix script '/home/ubunutulinux/workspace/ur5_custom_control/install/local_setup.bash'
[0.930s] INFO:colcon.colcon_core.shell:Creating prefix chain script '/home/ubunutulinux/workspace/ur5_custom_control/install/setup.bash'
[0.931s] INFO:colcon.colcon_core.shell:Creating prefix script '/home/ubunutulinux/workspace/ur5_custom_control/install/local_setup.zsh'
[0.931s] INFO:colcon.colcon_core.shell:Creating prefix chain script '/home/ubunutulinux/workspace/ur5_custom_control/install/setup.zsh'
