/home/ubunutulinux/workspace/ur5_custom_control/install/ur5_custom_control/lib/python3.10/site-packages/ur5_custom_control/__init__.py
/home/ubunutulinux/workspace/ur5_custom_control/install/ur5_custom_control/lib/python3.10/site-packages/ur5_custom_control/plot_error.py
/home/ubunutulinux/workspace/ur5_custom_control/install/ur5_custom_control/lib/python3.10/site-packages/ur5_custom_control/trajectory_sender.py
/home/ubunutulinux/workspace/ur5_custom_control/install/ur5_custom_control/lib/python3.10/site-packages/ur5_custom_control/mover.py
/home/ubunutulinux/workspace/ur5_custom_control/install/ur5_custom_control/lib/python3.10/site-packages/ur5_custom_control/red_dot_tracker.py
/home/ubunutulinux/workspace/ur5_custom_control/install/ur5_custom_control/lib/python3.10/site-packages/ur5_custom_control/__pycache__/__init__.cpython-310.pyc
/home/ubunutulinux/workspace/ur5_custom_control/install/ur5_custom_control/lib/python3.10/site-packages/ur5_custom_control/__pycache__/plot_error.cpython-310.pyc
/home/ubunutulinux/workspace/ur5_custom_control/install/ur5_custom_control/lib/python3.10/site-packages/ur5_custom_control/__pycache__/trajectory_sender.cpython-310.pyc
/home/ubunutulinux/workspace/ur5_custom_control/install/ur5_custom_control/lib/python3.10/site-packages/ur5_custom_control/__pycache__/mover.cpython-310.pyc
/home/ubunutulinux/workspace/ur5_custom_control/install/ur5_custom_control/lib/python3.10/site-packages/ur5_custom_control/__pycache__/red_dot_tracker.cpython-310.pyc
/home/ubunutulinux/workspace/ur5_custom_control/install/ur5_custom_control/share/ament_index/resource_index/packages/ur5_custom_control
/home/ubunutulinux/workspace/ur5_custom_control/install/ur5_custom_control/share/ur5_custom_control/package.xml
/home/ubunutulinux/workspace/ur5_custom_control/install/ur5_custom_control/lib/python3.10/site-packages/ur5_custom_control-0.0.0-py3.10.egg-info/top_level.txt
/home/ubunutulinux/workspace/ur5_custom_control/install/ur5_custom_control/lib/python3.10/site-packages/ur5_custom_control-0.0.0-py3.10.egg-info/SOURCES.txt
/home/ubunutulinux/workspace/ur5_custom_control/install/ur5_custom_control/lib/python3.10/site-packages/ur5_custom_control-0.0.0-py3.10.egg-info/entry_points.txt
/home/ubunutulinux/workspace/ur5_custom_control/install/ur5_custom_control/lib/python3.10/site-packages/ur5_custom_control-0.0.0-py3.10.egg-info/zip-safe
/home/ubunutulinux/workspace/ur5_custom_control/install/ur5_custom_control/lib/python3.10/site-packages/ur5_custom_control-0.0.0-py3.10.egg-info/dependency_links.txt
/home/ubunutulinux/workspace/ur5_custom_control/install/ur5_custom_control/lib/python3.10/site-packages/ur5_custom_control-0.0.0-py3.10.egg-info/PKG-INFO
/home/ubunutulinux/workspace/ur5_custom_control/install/ur5_custom_control/lib/python3.10/site-packages/ur5_custom_control-0.0.0-py3.10.egg-info/requires.txt
/home/ubunutulinux/workspace/ur5_custom_control/install/ur5_custom_control/lib/ur5_custom_control/mover
/home/ubunutulinux/workspace/ur5_custom_control/install/ur5_custom_control/lib/ur5_custom_control/plot_error
/home/ubunutulinux/workspace/ur5_custom_control/install/ur5_custom_control/lib/ur5_custom_control/red_dot_tracker
/home/ubunutulinux/workspace/ur5_custom_control/install/ur5_custom_control/lib/ur5_custom_control/trajectory_sender
